<?xml version="1.0" encoding="UTF-8"?>
<!-- Generated by org.testng.reporters.JUnitReportReporter -->
<testsuite hostname="TGICCL0004" failures="0" tests="1" name="cucumberOptions.TestNGTestRunner" time="17.577" errors="0" timestamp="2023-02-09T11:43:07 IST" skipped="0">
  <testcase classname="cucumberOptions.TestNGTestRunner" name="runScenario" time="17.577"/>
  <system-out/>
</testsuite> <!-- cucumberOptions.TestNGTestRunner -->
